<?xml version="1.0" encoding="UTF-8"?>
<testng-results ignored="0" total="1" passed="1" failed="0" skipped="0">
  <reporter-output>
  </reporter-output>
  <suite started-at="2021-04-13T01:27:53 CDT" name="Default suite" finished-at="2021-04-13T01:28:02 CDT" duration-ms="8718">
    <groups>
    </groups>
    <test started-at="2021-04-13T01:27:53 CDT" name="Default test" finished-at="2021-04-13T01:28:02 CDT" duration-ms="8718">
      <class name="test.RegistrationTest">
        <test-method signature="fillupRegistration()[pri:0, instance:test.RegistrationTest@4470f8a6]" started-at="2021-04-13T01:27:53 CDT" name="fillupRegistration" finished-at="2021-04-13T01:28:02 CDT" duration-ms="8679" status="PASS">
          <reporter-output>
          </reporter-output>
        </test-method> <!-- fillupRegistration -->
      </class> <!-- test.RegistrationTest -->
    </test> <!-- Default test -->
  </suite> <!-- Default suite -->
</testng-results>
